<?xml version="1.0" encoding="UTF-8"?>
<testsuite name="lu.uni.e4l.platform.service.CalculatorServiceTest" tests="1" skipped="0" failures="0" errors="0" timestamp="2024-06-26T02:09:47" hostname="dev-env-e4l" time="1.305">
  <properties/>
  <testcase name="calculate" classname="lu.uni.e4l.platform.service.CalculatorServiceTest" time="1.305"/>
  <system-out><![CDATA[]]></system-out>
  <system-err><![CDATA[]]></system-err>
</testsuite>
